<?xml version="1.0" encoding="UTF-8"?>
<!-- Generated by org.testng.reporters.JUnitXMLReporter -->
<testsuite hostname="SRAVTHOT" ignored="0" name="Test" tests="2" failures="1" timestamp="16 May 2020 09:18:46 GMT" time="0.077" errors="0">
  <testcase name="FBTest" time="0.02" classname="Listeners.LoginTest"/>
  <testcase name="GmailTest" time="0.007" classname="Listeners.LoginTest">
    <failure type="java.lang.AssertionError" message="expected [srav] but found [havi]">
      <![CDATA[java.lang.AssertionError: expected [srav] but found [havi]
at Listeners.LoginTest.GmailTest(LoginTest.java:21)
... Removed 31 stack frames]]>
    </failure>
  </testcase> <!-- GmailTest -->
</testsuite> <!-- Test -->
