<?xml version="1.0" encoding="UTF-8"?>
<testng-results skipped="0" failed="0" ignored="0" total="1" passed="1">
  <reporter-output>
  </reporter-output>
  <suite name="Suite" duration-ms="16086" started-at="2020-04-12T14:21:43Z" finished-at="2020-04-12T14:21:59Z">
    <groups>
    </groups>
    <test name="Test" duration-ms="16086" started-at="2020-04-12T14:21:43Z" finished-at="2020-04-12T14:21:59Z">
      <class name="pom.src.FirstTestClass">
        <test-method status="PASS" signature="test1()[pri:0, instance:pom.src.FirstTestClass@17776a8]" name="test1" duration-ms="16044" started-at="2020-04-12T14:21:43Z" finished-at="2020-04-12T14:21:59Z">
          <reporter-output>
          </reporter-output>
        </test-method> <!-- test1 -->
      </class> <!-- pom.src.FirstTestClass -->
    </test> <!-- Test -->
  </suite> <!-- Suite -->
</testng-results>
