<?xml version="1.0" encoding="UTF-8"?>
<testng-results skipped="0" failed="0" total="1" passed="1">
  <reporter-output>
  </reporter-output>
  <suite name="Default suite" duration-ms="6903" started-at="2020-05-17T17:38:17Z" finished-at="2020-05-17T17:38:24Z">
    <groups>
    </groups>
    <test name="Default test" duration-ms="6903" started-at="2020-05-17T17:38:17Z" finished-at="2020-05-17T17:38:24Z">
      <class name="logjpack.Log4jTest">
        <test-method status="PASS" signature="setup()[pri:0, instance:logjpack.Log4jTest@290d210d]" name="setup" duration-ms="6878" started-at="2020-05-17T23:08:18Z" finished-at="2020-05-17T23:08:24Z">
          <reporter-output>
          </reporter-output>
        </test-method> <!-- setup -->
      </class> <!-- logjpack.Log4jTest -->
    </test> <!-- Default test -->
  </suite> <!-- Default suite -->
</testng-results>
